1516865679643	geckodriver	INFO	geckodriver 0.19.1
1516865679650	geckodriver	INFO	Listening on 127.0.0.1:44745
1516865680773	mozrunner::runner	INFO	Running command: "/usr/bin/firefox" "-marionette" "-profile" "/tmp/rust_mozprofile.xigWOgSIw0ni"
1516865681711	Marionette	INFO	Enabled via --marionette

(firefox:24083): GLib-GObject-CRITICAL **: g_object_ref: assertion 'object->ref_count > 0' failed

(firefox:24083): GLib-GObject-CRITICAL **: g_object_unref: assertion 'object->ref_count > 0' failed

(firefox:24083): GLib-GObject-CRITICAL **: g_object_ref: assertion 'object->ref_count > 0' failed

(firefox:24083): GLib-GObject-CRITICAL **: g_object_unref: assertion 'object->ref_count > 0' failed

(firefox:24083): GLib-GObject-CRITICAL **: g_object_ref: assertion 'object->ref_count > 0' failed

(firefox:24083): GLib-GObject-CRITICAL **: g_object_unref: assertion 'object->ref_count > 0' failed

(/usr/lib/firefox/firefox:24150): GLib-GObject-CRITICAL **: g_object_ref: assertion 'object->ref_count > 0' failed

(/usr/lib/firefox/firefox:24150): GLib-GObject-CRITICAL **: g_object_unref: assertion 'object->ref_count > 0' failed

(/usr/lib/firefox/firefox:24150): GLib-GObject-CRITICAL **: g_object_ref: assertion 'object->ref_count > 0' failed

(/usr/lib/firefox/firefox:24150): GLib-GObject-CRITICAL **: g_object_unref: assertion 'object->ref_count > 0' failed

(/usr/lib/firefox/firefox:24150): GLib-GObject-CRITICAL **: g_object_ref: assertion 'object->ref_count > 0' failed

(/usr/lib/firefox/firefox:24150): GLib-GObject-CRITICAL **: g_object_unref: assertion 'object->ref_count > 0' failed
1516865684365	Marionette	INFO	Listening on port 57470
1516865684387	Marionette	WARN	TLS certificate errors will be ignored for this session
1516865696543	geckodriver	INFO	geckodriver 0.19.1
1516865696550	geckodriver	INFO	Listening on 127.0.0.1:54066
1516865697673	mozrunner::runner	INFO	Running command: "/usr/bin/firefox" "-marionette" "-profile" "/tmp/rust_mozprofile.7TnNszIx0Ec5"
1516865698651	Marionette	INFO	Enabled via --marionette

(firefox:24316): GLib-GObject-CRITICAL **: g_object_ref: assertion 'object->ref_count > 0' failed

(firefox:24316): GLib-GObject-CRITICAL **: g_object_unref: assertion 'object->ref_count > 0' failed

(firefox:24316): GLib-GObject-CRITICAL **: g_object_ref: assertion 'object->ref_count > 0' failed

(firefox:24316): GLib-GObject-CRITICAL **: g_object_unref: assertion 'object->ref_count > 0' failed

(firefox:24316): GLib-GObject-CRITICAL **: g_object_ref: assertion 'object->ref_count > 0' failed

(firefox:24316): GLib-GObject-CRITICAL **: g_object_unref: assertion 'object->ref_count > 0' failed
1516865702365	Marionette	INFO	Listening on port 57842
1516865702392	Marionette	WARN	TLS certificate errors will be ignored for this session

(/usr/lib/firefox/firefox:24392): GLib-GObject-CRITICAL **: g_object_ref: assertion 'object->ref_count > 0' failed

(/usr/lib/firefox/firefox:24392): GLib-GObject-CRITICAL **: g_object_unref: assertion 'object->ref_count > 0' failed

(/usr/lib/firefox/firefox:24392): GLib-GObject-CRITICAL **: g_object_ref: assertion 'object->ref_count > 0' failed

(/usr/lib/firefox/firefox:24392): GLib-GObject-CRITICAL **: g_object_unref: assertion 'object->ref_count > 0' failed

(/usr/lib/firefox/firefox:24392): GLib-GObject-CRITICAL **: g_object_ref: assertion 'object->ref_count > 0' failed

(/usr/lib/firefox/firefox:24392): GLib-GObject-CRITICAL **: g_object_unref: assertion 'object->ref_count > 0' failed
1516867386171	geckodriver	INFO	geckodriver 0.19.1
1516867386179	geckodriver	INFO	Listening on 127.0.0.1:51430
1516867387374	mozrunner::runner	INFO	Running command: "/usr/bin/firefox" "-marionette" "-profile" "/tmp/rust_mozprofile.qxMvETjVWgxf"
1516867388579	Marionette	INFO	Enabled via --marionette

(firefox:5251): GLib-GObject-CRITICAL **: g_object_ref: assertion 'object->ref_count > 0' failed

(firefox:5251): GLib-GObject-CRITICAL **: g_object_unref: assertion 'object->ref_count > 0' failed

(firefox:5251): GLib-GObject-CRITICAL **: g_object_ref: assertion 'object->ref_count > 0' failed

(firefox:5251): GLib-GObject-CRITICAL **: g_object_unref: assertion 'object->ref_count > 0' failed

(firefox:5251): GLib-GObject-CRITICAL **: g_object_ref: assertion 'object->ref_count > 0' failed

(firefox:5251): GLib-GObject-CRITICAL **: g_object_unref: assertion 'object->ref_count > 0' failed

(/usr/lib/firefox/firefox:5327): GLib-GObject-CRITICAL **: g_object_ref: assertion 'object->ref_count > 0' failed

(/usr/lib/firefox/firefox:5327): GLib-GObject-CRITICAL **: g_object_unref: assertion 'object->ref_count > 0' failed

(/usr/lib/firefox/firefox:5327): GLib-GObject-CRITICAL **: g_object_ref: assertion 'object->ref_count > 0' failed

(/usr/lib/firefox/firefox:5327): GLib-GObject-CRITICAL **: g_object_unref: assertion 'object->ref_count > 0' failed

(/usr/lib/firefox/firefox:5327): GLib-GObject-CRITICAL **: g_object_ref: assertion 'object->ref_count > 0' failed

(/usr/lib/firefox/firefox:5327): GLib-GObject-CRITICAL **: g_object_unref: assertion 'object->ref_count > 0' failed
1516867392409	Marionette	INFO	Listening on port 38827
1516867392498	Marionette	WARN	TLS certificate errors will be ignored for this session

(/usr/lib/firefox/firefox:5365): Gdk-WARNING **: /usr/lib/firefox/firefox: Fatal IO error 11 (资源暂时不可用) on X server :1017.


(/usr/lib/firefox/firefox:5327): Gdk-WARNING **: /usr/lib/firefox/firefox: Fatal IO error 11 (资源暂时不可用) on X server :1017.

1516867403935	geckodriver	INFO	geckodriver 0.19.1
1516867403941	geckodriver	INFO	Listening on 127.0.0.1:39193
1516867404112	mozrunner::runner	INFO	Running command: "/usr/bin/firefox" "-marionette" "-profile" "/tmp/rust_mozprofile.DhmA5AiUj9Vc"
1516867406504	Marionette	INFO	Enabled via --marionette

(firefox:5496): GLib-GObject-CRITICAL **: g_object_ref: assertion 'object->ref_count > 0' failed

(firefox:5496): GLib-GObject-CRITICAL **: g_object_unref: assertion 'object->ref_count > 0' failed

(firefox:5496): GLib-GObject-CRITICAL **: g_object_ref: assertion 'object->ref_count > 0' failed

(firefox:5496): GLib-GObject-CRITICAL **: g_object_unref: assertion 'object->ref_count > 0' failed

(firefox:5496): GLib-GObject-CRITICAL **: g_object_ref: assertion 'object->ref_count > 0' failed

(firefox:5496): GLib-GObject-CRITICAL **: g_object_unref: assertion 'object->ref_count > 0' failed

(/usr/lib/firefox/firefox:5575): GLib-GObject-CRITICAL **: g_object_ref: assertion 'object->ref_count > 0' failed

(/usr/lib/firefox/firefox:5575): GLib-GObject-CRITICAL **: g_object_unref: assertion 'object->ref_count > 0' failed

(/usr/lib/firefox/firefox:5575): GLib-GObject-CRITICAL **: g_object_ref: assertion 'object->ref_count > 0' failed

(/usr/lib/firefox/firefox:5575): GLib-GObject-CRITICAL **: g_object_unref: assertion 'object->ref_count > 0' failed

(/usr/lib/firefox/firefox:5575): GLib-GObject-CRITICAL **: g_object_ref: assertion 'object->ref_count > 0' failed

(/usr/lib/firefox/firefox:5575): GLib-GObject-CRITICAL **: g_object_unref: assertion 'object->ref_count > 0' failed
1516867409987	Marionette	INFO	Listening on port 39853
1516867410188	Marionette	WARN	TLS certificate errors will be ignored for this session
1516867421805	geckodriver	INFO	geckodriver 0.19.1
1516867421811	geckodriver	INFO	Listening on 127.0.0.1:59162
1516867422938	mozrunner::runner	INFO	Running command: "/usr/bin/firefox" "-marionette" "-profile" "/tmp/rust_mozprofile.i1jPHTXMtScN"
1516867427810	Marionette	INFO	Enabled via --marionette

(firefox:5742): GLib-GObject-CRITICAL **: g_object_ref: assertion 'object->ref_count > 0' failed

(firefox:5742): GLib-GObject-CRITICAL **: g_object_unref: assertion 'object->ref_count > 0' failed

(firefox:5742): GLib-GObject-CRITICAL **: g_object_ref: assertion 'object->ref_count > 0' failed

(firefox:5742): GLib-GObject-CRITICAL **: g_object_unref: assertion 'object->ref_count > 0' failed

(firefox:5742): GLib-GObject-CRITICAL **: g_object_ref: assertion 'object->ref_count > 0' failed

(firefox:5742): GLib-GObject-CRITICAL **: g_object_unref: assertion 'object->ref_count > 0' failed
1516867455290	Marionette	INFO	Listening on port 57666

(/usr/lib/firefox/firefox:5848): GLib-GObject-CRITICAL **: g_object_ref: assertion 'object->ref_count > 0' failed

(/usr/lib/firefox/firefox:5848): GLib-GObject-CRITICAL **: g_object_unref: assertion 'object->ref_count > 0' failed

(/usr/lib/firefox/firefox:5848): GLib-GObject-CRITICAL **: g_object_ref: assertion 'object->ref_count > 0' failed

(/usr/lib/firefox/firefox:5848): GLib-GObject-CRITICAL **: g_object_unref: assertion 'object->ref_count > 0' failed
1516867458262	Marionette	WARN	TLS certificate errors will be ignored for this session

(/usr/lib/firefox/firefox:5848): GLib-GObject-CRITICAL **: g_object_ref: assertion 'object->ref_count > 0' failed

(/usr/lib/firefox/firefox:5848): GLib-GObject-CRITICAL **: g_object_unref: assertion 'object->ref_count > 0' failed
1516867997012	geckodriver	INFO	geckodriver 0.19.1
1516867997030	geckodriver	INFO	Listening on 127.0.0.1:41347
1516867998194	mozrunner::runner	INFO	Running command: "/usr/bin/firefox" "-marionette" "-profile" "/tmp/rust_mozprofile.hUWdhsWjMWN6"
1516867999915	addons.xpi	WARN	Add-on langpack-en-GB@firefox.mozilla.org is not compatible with application version.
1516867999921	addons.xpi	WARN	Add-on langpack-en-GB@firefox.mozilla.org is not compatible with application version.
1516867999941	addons.xpi	WARN	Add-on langpack-zh-CN@firefox.mozilla.org is not compatible with application version.
1516867999941	addons.xpi	WARN	Add-on langpack-zh-CN@firefox.mozilla.org is not compatible with application version.
1516867999959	addons.xpi	WARN	Add-on langpack-en-ZA@firefox.mozilla.org is not compatible with application version.
1516867999961	addons.xpi	WARN	Add-on langpack-en-ZA@firefox.mozilla.org is not compatible with application version.
1516868000445	addons.xpi	WARN	Add-on langpack-en-GB@firefox.mozilla.org is not compatible with application version.
1516868000446	addons.xpi	WARN	Add-on langpack-zh-CN@firefox.mozilla.org is not compatible with application version.
1516868000447	addons.xpi	WARN	Add-on langpack-en-ZA@firefox.mozilla.org is not compatible with application version.
1516868000455	addons.xpi	WARN	Add-on langpack-en-GB@firefox.mozilla.org is not compatible with application version.
1516868000460	addons.xpi	WARN	Add-on langpack-zh-CN@firefox.mozilla.org is not compatible with application version.
1516868000461	addons.xpi	WARN	Add-on langpack-en-ZA@firefox.mozilla.org is not compatible with application version.
1516868003390	Marionette	INFO	Listening on port 42869
1516868003504	Marionette	WARN	TLS certificate errors will be ignored for this session
1516868011424	geckodriver	INFO	geckodriver 0.19.1
1516868011437	geckodriver	INFO	Listening on 127.0.0.1:57293
1516868012665	mozrunner::runner	INFO	Running command: "/usr/bin/firefox" "-marionette" "-profile" "/tmp/rust_mozprofile.M0Sqoj6GR4sd"
1516868016378	addons.xpi	WARN	Add-on langpack-en-GB@firefox.mozilla.org is not compatible with application version.
1516868016383	addons.xpi	WARN	Add-on langpack-en-GB@firefox.mozilla.org is not compatible with application version.
1516868016535	addons.xpi	WARN	Add-on langpack-zh-CN@firefox.mozilla.org is not compatible with application version.
1516868016537	addons.xpi	WARN	Add-on langpack-zh-CN@firefox.mozilla.org is not compatible with application version.
1516868016619	addons.xpi	WARN	Add-on langpack-en-ZA@firefox.mozilla.org is not compatible with application version.
1516868016621	addons.xpi	WARN	Add-on langpack-en-ZA@firefox.mozilla.org is not compatible with application version.
1516868020283	addons.xpi	WARN	Add-on langpack-en-GB@firefox.mozilla.org is not compatible with application version.
1516868020284	addons.xpi	WARN	Add-on langpack-zh-CN@firefox.mozilla.org is not compatible with application version.
1516868020284	addons.xpi	WARN	Add-on langpack-en-ZA@firefox.mozilla.org is not compatible with application version.
1516868020294	addons.xpi	WARN	Add-on langpack-en-GB@firefox.mozilla.org is not compatible with application version.
1516868020295	addons.xpi	WARN	Add-on langpack-zh-CN@firefox.mozilla.org is not compatible with application version.
1516868020296	addons.xpi	WARN	Add-on langpack-en-ZA@firefox.mozilla.org is not compatible with application version.
1516868022937	Marionette	INFO	Listening on port 37475
1516868023118	Marionette	WARN	TLS certificate errors will be ignored for this session
1516868090773	geckodriver	INFO	geckodriver 0.19.1
1516868090776	geckodriver	INFO	Listening on 127.0.0.1:39697
1516868091883	mozrunner::runner	INFO	Running command: "/usr/bin/firefox" "-marionette" "-profile" "/tmp/rust_mozprofile.uprrtBNOhsYj"
1516868092265	addons.xpi	WARN	Add-on langpack-en-GB@firefox.mozilla.org is not compatible with application version.
1516868092267	addons.xpi	WARN	Add-on langpack-en-GB@firefox.mozilla.org is not compatible with application version.
1516868092276	addons.xpi	WARN	Add-on langpack-zh-CN@firefox.mozilla.org is not compatible with application version.
1516868092276	addons.xpi	WARN	Add-on langpack-zh-CN@firefox.mozilla.org is not compatible with application version.
1516868092285	addons.xpi	WARN	Add-on langpack-en-ZA@firefox.mozilla.org is not compatible with application version.
1516868092286	addons.xpi	WARN	Add-on langpack-en-ZA@firefox.mozilla.org is not compatible with application version.
1516868092515	addons.xpi	WARN	Add-on langpack-en-GB@firefox.mozilla.org is not compatible with application version.
1516868092516	addons.xpi	WARN	Add-on langpack-zh-CN@firefox.mozilla.org is not compatible with application version.
1516868092517	addons.xpi	WARN	Add-on langpack-en-ZA@firefox.mozilla.org is not compatible with application version.
1516868092525	addons.xpi	WARN	Add-on langpack-en-GB@firefox.mozilla.org is not compatible with application version.
1516868092526	addons.xpi	WARN	Add-on langpack-zh-CN@firefox.mozilla.org is not compatible with application version.
1516868092527	addons.xpi	WARN	Add-on langpack-en-ZA@firefox.mozilla.org is not compatible with application version.
1516868094712	Marionette	INFO	Listening on port 42985
1516868094853	Marionette	WARN	TLS certificate errors will be ignored for this session
1516868100584	geckodriver	INFO	geckodriver 0.19.1
1516868100601	geckodriver	INFO	Listening on 127.0.0.1:47177
1516868101712	mozrunner::runner	INFO	Running command: "/usr/bin/firefox" "-marionette" "-profile" "/tmp/rust_mozprofile.1oTFOlIDlFMH"
1516868102567	addons.xpi	WARN	Add-on langpack-en-GB@firefox.mozilla.org is not compatible with application version.
1516868102569	addons.xpi	WARN	Add-on langpack-en-GB@firefox.mozilla.org is not compatible with application version.
1516868102579	addons.xpi	WARN	Add-on langpack-zh-CN@firefox.mozilla.org is not compatible with application version.
1516868102579	addons.xpi	WARN	Add-on langpack-zh-CN@firefox.mozilla.org is not compatible with application version.
1516868102587	addons.xpi	WARN	Add-on langpack-en-ZA@firefox.mozilla.org is not compatible with application version.
1516868102589	addons.xpi	WARN	Add-on langpack-en-ZA@firefox.mozilla.org is not compatible with application version.
1516868102792	addons.xpi	WARN	Add-on langpack-en-GB@firefox.mozilla.org is not compatible with application version.
1516868102793	addons.xpi	WARN	Add-on langpack-zh-CN@firefox.mozilla.org is not compatible with application version.
1516868102793	addons.xpi	WARN	Add-on langpack-en-ZA@firefox.mozilla.org is not compatible with application version.
1516868102800	addons.xpi	WARN	Add-on langpack-en-GB@firefox.mozilla.org is not compatible with application version.
1516868102802	addons.xpi	WARN	Add-on langpack-zh-CN@firefox.mozilla.org is not compatible with application version.
1516868102802	addons.xpi	WARN	Add-on langpack-en-ZA@firefox.mozilla.org is not compatible with application version.
1516868104837	Marionette	INFO	Listening on port 40085
1516868104973	Marionette	WARN	TLS certificate errors will be ignored for this session
1516868119848	geckodriver	INFO	geckodriver 0.19.1
1516868119851	geckodriver	INFO	Listening on 127.0.0.1:50435
1516868120937	mozrunner::runner	INFO	Running command: "/usr/bin/firefox" "-marionette" "-profile" "/tmp/rust_mozprofile.xQMiLrgHyGAF"
1516868121302	addons.xpi	WARN	Add-on langpack-en-GB@firefox.mozilla.org is not compatible with application version.
1516868121304	addons.xpi	WARN	Add-on langpack-en-GB@firefox.mozilla.org is not compatible with application version.
1516868121313	addons.xpi	WARN	Add-on langpack-zh-CN@firefox.mozilla.org is not compatible with application version.
1516868121314	addons.xpi	WARN	Add-on langpack-zh-CN@firefox.mozilla.org is not compatible with application version.
1516868121322	addons.xpi	WARN	Add-on langpack-en-ZA@firefox.mozilla.org is not compatible with application version.
1516868121323	addons.xpi	WARN	Add-on langpack-en-ZA@firefox.mozilla.org is not compatible with application version.
1516868121601	addons.xpi	WARN	Add-on langpack-en-GB@firefox.mozilla.org is not compatible with application version.
1516868121602	addons.xpi	WARN	Add-on langpack-zh-CN@firefox.mozilla.org is not compatible with application version.
1516868121602	addons.xpi	WARN	Add-on langpack-en-ZA@firefox.mozilla.org is not compatible with application version.
1516868121611	addons.xpi	WARN	Add-on langpack-en-GB@firefox.mozilla.org is not compatible with application version.
1516868121614	addons.xpi	WARN	Add-on langpack-zh-CN@firefox.mozilla.org is not compatible with application version.
1516868121615	addons.xpi	WARN	Add-on langpack-en-ZA@firefox.mozilla.org is not compatible with application version.
1516868123873	Marionette	INFO	Listening on port 38481
1516868124006	Marionette	WARN	TLS certificate errors will be ignored for this session
1516868132830	geckodriver	INFO	geckodriver 0.19.1
1516868132844	geckodriver	INFO	Listening on 127.0.0.1:56779
1516868133925	mozrunner::runner	INFO	Running command: "/usr/bin/firefox" "-marionette" "-profile" "/tmp/rust_mozprofile.jsfiuvUF1r0Z"
1516868134493	addons.xpi	WARN	Add-on langpack-en-GB@firefox.mozilla.org is not compatible with application version.
1516868134494	addons.xpi	WARN	Add-on langpack-en-GB@firefox.mozilla.org is not compatible with application version.
1516868134505	addons.xpi	WARN	Add-on langpack-zh-CN@firefox.mozilla.org is not compatible with application version.
1516868134507	addons.xpi	WARN	Add-on langpack-zh-CN@firefox.mozilla.org is not compatible with application version.
1516868134523	addons.xpi	WARN	Add-on langpack-en-ZA@firefox.mozilla.org is not compatible with application version.
1516868134524	addons.xpi	WARN	Add-on langpack-en-ZA@firefox.mozilla.org is not compatible with application version.
1516868134887	addons.xpi	WARN	Add-on langpack-en-GB@firefox.mozilla.org is not compatible with application version.
1516868134888	addons.xpi	WARN	Add-on langpack-zh-CN@firefox.mozilla.org is not compatible with application version.
1516868134889	addons.xpi	WARN	Add-on langpack-en-ZA@firefox.mozilla.org is not compatible with application version.
1516868134898	addons.xpi	WARN	Add-on langpack-en-GB@firefox.mozilla.org is not compatible with application version.
1516868134899	addons.xpi	WARN	Add-on langpack-zh-CN@firefox.mozilla.org is not compatible with application version.
1516868134899	addons.xpi	WARN	Add-on langpack-en-ZA@firefox.mozilla.org is not compatible with application version.
1516868137132	Marionette	INFO	Listening on port 46691
1516868137244	Marionette	WARN	TLS certificate errors will be ignored for this session
1516868144065	geckodriver	INFO	geckodriver 0.19.1
1516868144074	geckodriver	INFO	Listening on 127.0.0.1:34985
1516868145155	mozrunner::runner	INFO	Running command: "/usr/bin/firefox" "-marionette" "-profile" "/tmp/rust_mozprofile.FgOhoP20mIJp"
1516868145585	addons.xpi	WARN	Add-on langpack-en-GB@firefox.mozilla.org is not compatible with application version.
1516868145587	addons.xpi	WARN	Add-on langpack-en-GB@firefox.mozilla.org is not compatible with application version.
1516868145596	addons.xpi	WARN	Add-on langpack-zh-CN@firefox.mozilla.org is not compatible with application version.
1516868145597	addons.xpi	WARN	Add-on langpack-zh-CN@firefox.mozilla.org is not compatible with application version.
1516868145605	addons.xpi	WARN	Add-on langpack-en-ZA@firefox.mozilla.org is not compatible with application version.
1516868145606	addons.xpi	WARN	Add-on langpack-en-ZA@firefox.mozilla.org is not compatible with application version.
1516868145789	addons.xpi	WARN	Add-on langpack-en-GB@firefox.mozilla.org is not compatible with application version.
1516868145789	addons.xpi	WARN	Add-on langpack-zh-CN@firefox.mozilla.org is not compatible with application version.
1516868145790	addons.xpi	WARN	Add-on langpack-en-ZA@firefox.mozilla.org is not compatible with application version.
1516868145794	addons.xpi	WARN	Add-on langpack-en-GB@firefox.mozilla.org is not compatible with application version.
1516868145795	addons.xpi	WARN	Add-on langpack-zh-CN@firefox.mozilla.org is not compatible with application version.
1516868145795	addons.xpi	WARN	Add-on langpack-en-ZA@firefox.mozilla.org is not compatible with application version.
1516868148029	Marionette	INFO	Listening on port 41109
1516868148135	Marionette	WARN	TLS certificate errors will be ignored for this session
1516868158023	geckodriver	INFO	geckodriver 0.19.1
1516868158046	geckodriver	INFO	Listening on 127.0.0.1:33369
1516868159165	mozrunner::runner	INFO	Running command: "/usr/bin/firefox" "-marionette" "-profile" "/tmp/rust_mozprofile.8HprVDAa6YyO"
1516868159972	addons.xpi	WARN	Add-on langpack-en-GB@firefox.mozilla.org is not compatible with application version.
1516868159981	addons.xpi	WARN	Add-on langpack-en-GB@firefox.mozilla.org is not compatible with application version.
1516868159999	addons.xpi	WARN	Add-on langpack-zh-CN@firefox.mozilla.org is not compatible with application version.
1516868160002	addons.xpi	WARN	Add-on langpack-zh-CN@firefox.mozilla.org is not compatible with application version.
1516868160015	addons.xpi	WARN	Add-on langpack-en-ZA@firefox.mozilla.org is not compatible with application version.
1516868160016	addons.xpi	WARN	Add-on langpack-en-ZA@firefox.mozilla.org is not compatible with application version.
1516868160568	addons.xpi	WARN	Add-on langpack-en-GB@firefox.mozilla.org is not compatible with application version.
1516868160569	addons.xpi	WARN	Add-on langpack-zh-CN@firefox.mozilla.org is not compatible with application version.
1516868160569	addons.xpi	WARN	Add-on langpack-en-ZA@firefox.mozilla.org is not compatible with application version.
1516868160574	addons.xpi	WARN	Add-on langpack-en-GB@firefox.mozilla.org is not compatible with application version.
1516868160576	addons.xpi	WARN	Add-on langpack-zh-CN@firefox.mozilla.org is not compatible with application version.
1516868160578	addons.xpi	WARN	Add-on langpack-en-ZA@firefox.mozilla.org is not compatible with application version.
1516868162903	Marionette	INFO	Listening on port 44229
1516868163060	Marionette	WARN	TLS certificate errors will be ignored for this session
1519789193334	geckodriver	INFO	geckodriver 0.19.1
1519789193339	geckodriver	INFO	Listening on 127.0.0.1:45997
1519789194430	mozrunner::runner	INFO	Running command: "/usr/bin/firefox" "-marionette" "-profile" "/tmp/rust_mozprofile.E1N5tgwpUNeM"
1519789194973	Marionette	INFO	Enabled via --marionette
1519789196075	Marionette	INFO	Listening on port 42055
1519789196146	Marionette	WARN	TLS certificate errors will be ignored for this session
1519789210941	geckodriver	INFO	geckodriver 0.19.1
1519789210944	geckodriver	INFO	Listening on 127.0.0.1:49311
1519789212037	mozrunner::runner	INFO	Running command: "/usr/bin/firefox" "-marionette" "-profile" "/tmp/rust_mozprofile.6PLcYrPG00UE"
1519789212598	Marionette	INFO	Enabled via --marionette
1519789213746	Marionette	INFO	Listening on port 43975
1519789213862	Marionette	WARN	TLS certificate errors will be ignored for this session
