391
6775
2625
19327
29773
9833
4252
28072
15270
24794
13566
15340
36332
50322
13319
11135
22520
29223
34351
10321
17504
20362
35689
22240
20158
50322
30764
30056
25951
47723
28529
30056
30764
47538
30764
17504
3234
12935
51581
51581
47723
31404
51581
17138
51581
4252
17100
54427
10671
7166
22520
24794
25928
15340
52165
4796
19327
4252
23060
4509
30056
51797
24794
54427
55629
15609
55629
17138
35689
29944
31879
52165
47723
12130
51797
5837
55629
34351
18462
25332
20897
24559
29904
23590
50322
11464
51581
31404
27473
59829
30764
10901
19493
51581
50566
25332
13319
61957
15340
62246
27473
22845
10614
28629
35689
30764
54427
13290
24794
13319
18528
24559
22845
47538
30764
31052
17261
27473
30664
13765
10671
31404
52165
20850
19909
34351
14343
36332
35689
24794
9517
14165
27473
21306
30664
47723
11110
23060
14402
31404
28629
30054
50322
22031
47538
24794
13319
9833
10901
19493
6801
24559
31052
20735
30755
6291
7546
20735
9653
11135
23060
14588
51581
31404
51581
17964
22240
35689
31185
35689
23476
47723
62246
15609
29223
27605
29904
47538
13765
18462
25332
50566
9636
25928
52165
19327
19578
14935
15611
62246
52165
30755
15609
52165
47538
20850
25928
62246
52174
51581
10901
62246
24559
32155
10901
62246
47538
33192
24794
10747
14935
18462
55629
59829
15270
36332
19578
28529
22520
14588
29904
36332
18528
54427
25928
32155
17964
21251
31052
22845
31052
23060
27605
47723
11193
15340
5491
19909
31879
52165
30056
30764
21251
17138
27473
29904
25332
51581
19578
28563
55629
29904
27473
24559
30054
14343
50322
47538
28629
22845
50322
18528
26901
28629
25928
20158
30056
29904
34351
62246
20850
55629
50322
14588
23030
1345
15609
32155
24559
11193
30056
55629
51581
5094
28737
47723
15609
52165
50322
51581
51581
30764
23030
20735
13419
14870
23030
50322
52165
29904
30764
51797
6144
18462
13475
55629
55629
24559
28629
50566
31052
19327
51797
5094
17138
10614
62246
62246
10901
31052
14935
51797
22845
22240
30764
20897
62246
51581
12372
22240
32155
28629
24794
24794
7546
30755
33192
24559
47538
51581
20158
47723
50322
30755
24794
47723
35689
17964
25928
21306
47538
54427
23590
22845
14402
656
62246
11401
51581
18528
35689
51581
62246
47538
20735
26901
13765
20735
31052
22031
30764
52165
24794
13765
25928
15904
14343
31404
31052
19578
28563
51581
13475
62246
10901
14935
30054
27473
17504
24559
54427
51581
50322
24794
15609
20158
36332
23590
62246
51581
19327
23030
30664
27473
22031
7546
22031
14402
1938
54427
20850
35689
28737
10614
6291
23476
24981
11110
35689
20735
12935
51581
30056
14870
11193
6775
62246
10614
13475
4509
24794
30755
28629
9636
33192
14588
52165
20158
6144
28529
10747
12372
62246
11886
25951
33192
22845
27473
20158
6291
18462
25928
27473
22240
52165
47723
52165
20735
52174
13419
17964
19578
30054
50322
22845
18528
47723
47723
47538
28563
51581
13475
11795
20158
30764
51581
12273
30755
20158
10747
22240
55629
30056
22845
21306
31404
31404
51581
54427
23476
14870
24981
24794
22240
54427
54427
32155
17504
31052
28629
31052
27473
51581
11135
22031
27473
17964
22520
17964
31404
19578
5094
26901
22240
27473
24981
15340
47538
30764
22240
15904
30764
47538
36332
15340
27473
47723
20850
62246
54427
22845
11110
55629
24981
28529
25951
30054
27605
36332
11110
62246
31879
52165
62246
50566
62246
14870
27473
62246
24794
17964
32155
52165
55629
23030
25951
11795
15340
6144
20897
25951
12273
19327
55629
31879
31052
31879
52165
30054
20158
28563
30056
27473
52174
19578
36332
34351
27473
20735
50322
21251
30054
13419
29904
47723
62246
47723
29773
17964
28737
54427
26901
52165
35689
52165
32155
14343
32155
25928
31879
14588
31185
51581
22845
55629
62246
36332
47538
27473
11795
62246
14402
19327
22240
20850
55629
51581
26901
55629
23030
11110
14402
59829
23060
25332
5837
47723
12372
12273
11464
27473
23060
11193
33192
19493
12273
30664
54427
21251
15904
11193
33192
52165
51581
21251
20158
25928
55629
52165
25332
47723
13319
23476
33192
32155
20897
30764
23060
52174
13475
30764
31185
52174
35689
31404
29904
25928
35689
51581
59829
22240
47538
20850
62246
12372
18528
6291
14870
13419
11795
31879
52165
31052
18528
11886
29904
32155
31052
20735
20158
24794
17964
30056
62246
32155
22520
52165
30054
14870
51581
23476
31879
11110
51581
13475
12273
11135
54427
62246
59829
29904
17504
28529
23030
28563
14343
12372
34351
14870
14870
22031
54427
30056
21306
13475
32155
15609
11110
32155
17964
20850
27473
23590
47538
54427
24559
51581
11110
12273
3234
14588
29904
13290
28737
54427
10747
32155
24981
14935
54427
23030
33192
33192
62246
28629
30755
30664
35689
11401
25928
31052
50322
35689
50322
19909
35689
1938
11193
50322
52165
27473
47723
47538
5491
30755
13290
54427
51581
10671
7546
24981
30054
24559
51581
24794
22520
12130
52165
28629
52165
14343
12372
29904
6144
51581
52165
24559
23590
31404
55629
23590
15904
12935
11193
24794
21251
51581
15904
28737
22845
47538
36332
23060
10747
30755
30755
30755
36332
23476
31052
35689
18462
19578
20850
33192
24794
22031
21306
14588
35689
13419
28563
29904
11886
47538
24794
13765
13475
47538
52174
52165
52165
55629
19493
11135
13419
14870
27473
51581
12130
10614
3234
13765
26901
52165
52165
11193
51581
1938
24981
62246
6144
29904
11401
11795
21251
52174
52174
28529
23030
30755
29904
24794
50322
32155
11795
25928
26901
55629
14935
52165
30755
20850
19493
52165
13419
52174
52165
35689
22240
13765
14870
17138
31879
30764
52165
11135
28629
14343
23590
28737
36332
33192
31404
52174
28563
6144
55629
62246
24559
11886
62246
55629
31404
5094
11886
62246
15904
11110
30664
14402
28629
20735
24794
17138
31404
5491
15270
